  main.cpp
C:\Users\USER\Documents\data-structure-lab-2026-4\lec04_class_example\lec04_class_example\Rectangle.h(5,2): error C2059: 구문 오류: 'private'
  (소스 파일 'main.cpp'을(를) 컴파일하는 중)
  
C:\Users\USER\Documents\data-structure-lab-2026-4\lec04_class_example\lec04_class_example\Rectangle.h(5,9): error C2059: 구문 오류: ':'
  (소스 파일 'main.cpp'을(를) 컴파일하는 중)
  
C:\Users\USER\Documents\data-structure-lab-2026-4\lec04_class_example\lec04_class_example\Rectangle.h(9,3): error C2059: 구문 오류: 'public'
  (소스 파일 'main.cpp'을(를) 컴파일하는 중)
  
C:\Users\USER\Documents\data-structure-lab-2026-4\lec04_class_example\lec04_class_example\Rectangle.h(10,35): error C4430: 형식 지정자가 없습니다. int로 가정합니다. 참고: C++에서는 기본 int를 지원하지 않습니다.
  (소스 파일 'main.cpp'을(를) 컴파일하는 중)
  
C:\Users\USER\Documents\data-structure-lab-2026-4\lec04_class_example\lec04_class_example\Rectangle.h(14,4): warning C4508: 'rRectangle': 함수는 값을 반환해야 하므로 'void' 반환 형식으로 간주됩니다.
  (소스 파일 'main.cpp'을(를) 컴파일하는 중)
  
C:\Users\USER\Documents\data-structure-lab-2026-4\lec04_class_example\lec04_class_example\main.cpp(5,12): error C2079: 'rect1'은(는) 정의되지 않은 class 'Rectangle'을(를) 사용합니다.
C:\Users\USER\Documents\data-structure-lab-2026-4\lec04_class_example\lec04_class_example\main.cpp(5,17): error C2440: '초기화 중': 'initializer list'에서 'int'(으)로 변환할 수 없습니다.
  C:\Users\USER\Documents\data-structure-lab-2026-4\lec04_class_example\lec04_class_example\main.cpp(5,17):
  이니셜라이저에 요소가 너무 많습니다.
  
C:\Users\USER\Documents\data-structure-lab-2026-4\lec04_class_example\lec04_class_example\main.cpp(6,12): error C2679: 이항 '<<': 오른쪽 피연산자로 'overloaded-function' 형식을 사용하는 연산자가 없거나 허용되는 변환이 없습니다.
  C:\Program Files\Microsoft Visual Studio\2022\Community\VC\Tools\MSVC\14.38.33130\include\ostream(480,39):
  'std::basic_ostream<char,std::char_traits<char>> &std::basic_ostream<char,std::char_traits<char>>::operator <<(std::basic_streambuf<char,std::char_traits<char>> *)'일 수 있습니다.
  C:\Program Files\Microsoft Visual Studio\2022\Community\VC\Tools\MSVC\14.38.33130\include\ostream(448,39):
  또는       'std::basic_ostream<char,std::char_traits<char>> &std::basic_ostream<char,std::char_traits<char>>::operator <<(const void *)'
  C:\Program Files\Microsoft Visual Studio\2022\Community\VC\Tools\MSVC\14.38.33130\include\ostream(430,39):
  또는       'std::basic_ostream<char,std::char_traits<char>> &std::basic_ostream<char,std::char_traits<char>>::operator <<(long double)'
  C:\Program Files\Microsoft Visual Studio\2022\Community\VC\Tools\MSVC\14.38.33130\include\ostream(412,39):
  또는       'std::basic_ostream<char,std::char_traits<char>> &std::basic_ostream<char,std::char_traits<char>>::operator <<(double)'
  C:\Program Files\Microsoft Visual Studio\2022\Community\VC\Tools\MSVC\14.38.33130\include\ostream(394,39):
  또는       'std::basic_ostream<char,std::char_traits<char>> &std::basic_ostream<char,std::char_traits<char>>::operator <<(float)'
  C:\Program Files\Microsoft Visual Studio\2022\Community\VC\Tools\MSVC\14.38.33130\include\ostream(376,39):
  또는       'std::basic_ostream<char,std::char_traits<char>> &std::basic_ostream<char,std::char_traits<char>>::operator <<(unsigned __int64)'
  C:\Program Files\Microsoft Visual Studio\2022\Community\VC\Tools\MSVC\14.38.33130\include\ostream(358,39):
  또는       'std::basic_ostream<char,std::char_traits<char>> &std::basic_ostream<char,std::char_traits<char>>::operator <<(__int64)'
  C:\Program Files\Microsoft Visual Studio\2022\Community\VC\Tools\MSVC\14.38.33130\include\ostream(340,39):
  또는       'std::basic_ostream<char,std::char_traits<char>> &std::basic_ostream<char,std::char_traits<char>>::operator <<(unsigned long)'
  C:\Program Files\Microsoft Visual Studio\2022\Community\VC\Tools\MSVC\14.38.33130\include\ostream(322,39):
  또는       'std::basic_ostream<char,std::char_traits<char>> &std::basic_ostream<char,std::char_traits<char>>::operator <<(long)'
  C:\Program Files\Microsoft Visual Studio\2022\Community\VC\Tools\MSVC\14.38.33130\include\ostream(303,39):
  또는       'std::basic_ostream<char,std::char_traits<char>> &std::basic_ostream<char,std::char_traits<char>>::operator <<(unsigned int)'
  C:\Program Files\Microsoft Visual Studio\2022\Community\VC\Tools\MSVC\14.38.33130\include\ostream(277,39):
  또는       'std::basic_ostream<char,std::char_traits<char>> &std::basic_ostream<char,std::char_traits<char>>::operator <<(int)'
  C:\Program Files\Microsoft Visual Studio\2022\Community\VC\Tools\MSVC\14.38.33130\include\ostream(258,39):
  또는       'std::basic_ostream<char,std::char_traits<char>> &std::basic_ostream<char,std::char_traits<char>>::operator <<(unsigned short)'
  C:\Program Files\Microsoft Visual Studio\2022\Community\VC\Tools\MSVC\14.38.33130\include\ostream(224,39):
  또는       'std::basic_ostream<char,std::char_traits<char>> &std::basic_ostream<char,std::char_traits<char>>::operator <<(short)'
  C:\Program Files\Microsoft Visual Studio\2022\Community\VC\Tools\MSVC\14.38.33130\include\ostream(206,39):
  또는       'std::basic_ostream<char,std::char_traits<char>> &std::basic_ostream<char,std::char_traits<char>>::operator <<(bool)'
  C:\Program Files\Microsoft Visual Studio\2022\Community\VC\Tools\MSVC\14.38.33130\include\ostream(200,39):
  또는       'std::basic_ostream<char,std::char_traits<char>> &std::basic_ostream<char,std::char_traits<char>>::operator <<(std::ios_base &(__cdecl *)(std::ios_base &))'
  C:\Program Files\Microsoft Visual Studio\2022\Community\VC\Tools\MSVC\14.38.33130\include\ostream(194,39):
  또는       'std::basic_ostream<char,std::char_traits<char>> &std::basic_ostream<char,std::char_traits<char>>::operator <<(std::basic_ios<char,std::char_traits<char>> &(__cdecl *)(std::basic_ios<char,std::char_traits<char>> &))'
  C:\Program Files\Microsoft Visual Studio\2022\Community\VC\Tools\MSVC\14.38.33130\include\ostream(189,39):
  또는       'std::basic_ostream<char,std::char_traits<char>> &std::basic_ostream<char,std::char_traits<char>>::operator <<(std::basic_ostream<char,std::char_traits<char>> &(__cdecl *)(std::basic_ostream<char,std::char_traits<char>> &))'
  C:\Program Files\Microsoft Visual Studio\2022\Community\VC\Tools\MSVC\14.38.33130\include\ostream(849,32):
  또는       'std::basic_ostream<char,std::char_traits<char>> &std::operator <<<char,std::char_traits<char>>(std::basic_ostream<char,std::char_traits<char>> &,const _Elem *)'
          with
          [
              _Elem=char
          ]
  C:\Program Files\Microsoft Visual Studio\2022\Community\VC\Tools\MSVC\14.38.33130\include\ostream(892,32):
  또는       'std::basic_ostream<char,std::char_traits<char>> &std::operator <<<char,std::char_traits<char>>(std::basic_ostream<char,std::char_traits<char>> &,_Elem)'
          with
          [
              _Elem=char
          ]
  C:\Program Files\Microsoft Visual Studio\2022\Community\VC\Tools\MSVC\14.38.33130\include\xstring(5193,32):
  또는       'std::basic_ostream<_Elem,_Traits> &std::operator <<(std::basic_ostream<_Elem,_Traits> &,const std::basic_string<_Elem,_Traits,_Alloc> &)'
  	C:\Users\USER\Documents\data-structure-lab-2026-4\lec04_class_example\lec04_class_example\main.cpp(6,12):
  	'std::basic_ostream<_Elem,_Traits> &std::operator <<(std::basic_ostream<_Elem,_Traits> &,const std::basic_string<_Elem,_Traits,_Alloc> &)': '_Alloc'의 템플릿 인수를 추론할 수 없습니다.
  C:\Program Files\Microsoft Visual Studio\2022\Community\VC\Tools\MSVC\14.38.33130\include\memory(1978,32):
  또는       'std::basic_ostream<_Elem,_Traits> &std::operator <<(std::basic_ostream<_Elem,_Traits> &,const std::shared_ptr<_Ty> &)'
  	C:\Users\USER\Documents\data-structure-lab-2026-4\lec04_class_example\lec04_class_example\main.cpp(6,12):
  	'std::basic_ostream<_Elem,_Traits> &std::operator <<(std::basic_ostream<_Elem,_Traits> &,const std::shared_ptr<_Ty> &)': '_Ty'의 템플릿 인수를 추론할 수 없습니다.
  C:\Program Files\Microsoft Visual Studio\2022\Community\VC\Tools\MSVC\14.38.33130\include\memory(3629,32):
  또는       'std::basic_ostream<_Elem,_Traits> &std::operator <<(std::basic_ostream<_Elem,_Traits> &,const std::unique_ptr<_Ty2,_Dx2> &)'
  	C:\Users\USER\Documents\data-structure-lab-2026-4\lec04_class_example\lec04_class_example\main.cpp(6,12):
  	'std::basic_ostream<_Elem,_Traits> &std::operator <<(std::basic_ostream<_Elem,_Traits> &,const std::unique_ptr<_Ty2,_Dx2> &)': '_Yty'의 템플릿 인수를 추론할 수 없습니다.
  	C:\Users\USER\Documents\data-structure-lab-2026-4\lec04_class_example\lec04_class_example\main.cpp(6,12):
  	'std::basic_ostream<_Elem,_Traits> &std::operator <<(std::basic_ostream<_Elem,_Traits> &,const std::unique_ptr<_Ty2,_Dx2> &)': '_Dx'의 템플릿 인수를 추론할 수 없습니다.
  C:\Program Files\Microsoft Visual Studio\2022\Community\VC\Tools\MSVC\14.38.33130\include\ostream(686,32):
  또는       'std::basic_ostream<_Elem,_Traits> &std::operator <<(std::basic_ostream<_Elem,_Traits> &,const char *)'
  	C:\Users\USER\Documents\data-structure-lab-2026-4\lec04_class_example\lec04_class_example\main.cpp(6,37):
  	'초기화 중': 'overloaded-function'에서 'const char *'(으)로 변환할 수 없습니다.
  		C:\Users\USER\Documents\data-structure-lab-2026-4\lec04_class_example\lec04_class_example\main.cpp(6,37):
  		컨텍스트는 오버로드 함수의 명확성을 고려할 수 없습니다.
  C:\Program Files\Microsoft Visual Studio\2022\Community\VC\Tools\MSVC\14.38.33130\include\ostream(730,32):
  또는       'std::basic_ostream<_Elem,_Traits> &std::operator <<(std::basic_ostream<_Elem,_Traits> &,char)'
  	C:\Users\USER\Documents\data-structure-lab-2026-4\lec04_class_example\lec04_class_example\main.cpp(6,37):
  	'초기화 중': 'overloaded-function'에서 'char'(으)로 변환할 수 없습니다.
  		C:\Users\USER\Documents\data-structure-lab-2026-4\lec04_class_example\lec04_class_example\main.cpp(6,37):
  		컨텍스트는 오버로드 함수의 명확성을 고려할 수 없습니다.
  C:\Program Files\Microsoft Visual Studio\2022\Community\VC\Tools\MSVC\14.38.33130\include\ostream(766,31):
  또는       'std::basic_ostream<char,_Traits> &std::operator <<(std::basic_ostream<char,_Traits> &,const char *)'
  	C:\Users\USER\Documents\data-structure-lab-2026-4\lec04_class_example\lec04_class_example\main.cpp(6,37):
  	'초기화 중': 'overloaded-function'에서 'const char *'(으)로 변환할 수 없습니다.
  		C:\Users\USER\Documents\data-structure-lab-2026-4\lec04_class_example\lec04_class_example\main.cpp(6,37):
  		컨텍스트는 오버로드 함수의 명확성을 고려할 수 없습니다.
  C:\Program Files\Microsoft Visual Studio\2022\Community\VC\Tools\MSVC\14.38.33130\include\ostream(811,31):
  또는       'std::basic_ostream<char,_Traits> &std::operator <<(std::basic_ostream<char,_Traits> &,char)'
  	C:\Users\USER\Documents\data-structure-lab-2026-4\lec04_class_example\lec04_class_example\main.cpp(6,37):
  	'초기화 중': 'overloaded-function'에서 'char'(으)로 변환할 수 없습니다.
  		C:\Users\USER\Documents\data-structure-lab-2026-4\lec04_class_example\lec04_class_example\main.cpp(6,37):
  		컨텍스트는 오버로드 함수의 명확성을 고려할 수 없습니다.
  C:\Program Files\Microsoft Visual Studio\2022\Community\VC\Tools\MSVC\14.38.33130\include\ostream(928,31):
  또는       'std::basic_ostream<char,_Traits> &std::operator <<(std::basic_ostream<char,_Traits> &,const signed char *)'
  	C:\Users\USER\Documents\data-structure-lab-2026-4\lec04_class_example\lec04_class_example\main.cpp(6,37):
  	'초기화 중': 'overloaded-function'에서 'const signed char *'(으)로 변환할 수 없습니다.
  		C:\Users\USER\Documents\data-structure-lab-2026-4\lec04_class_example\lec04_class_example\main.cpp(6,37):
  		컨텍스트는 오버로드 함수의 명확성을 고려할 수 없습니다.
  C:\Program Files\Microsoft Visual Studio\2022\Community\VC\Tools\MSVC\14.38.33130\include\ostream(934,31):
  또는       'std::basic_ostream<char,_Traits> &std::operator <<(std::basic_ostream<char,_Traits> &,signed char)'
  	C:\Users\USER\Documents\data-structure-lab-2026-4\lec04_class_example\lec04_class_example\main.cpp(6,37):
  	'초기화 중': 'overloaded-function'에서 'signed char'(으)로 변환할 수 없습니다.
  		C:\Users\USER\Documents\data-structure-lab-2026-4\lec04_class_example\lec04_class_example\main.cpp(6,37):
  		컨텍스트는 오버로드 함수의 명확성을 고려할 수 없습니다.
  C:\Program Files\Microsoft Visual Studio\2022\Community\VC\Tools\MSVC\14.38.33130\include\ostream(939,31):
  또는       'std::basic_ostream<char,_Traits> &std::operator <<(std::basic_ostream<char,_Traits> &,const unsigned char *)'
  	C:\Users\USER\Documents\data-structure-lab-2026-4\lec04_class_example\lec04_class_example\main.cpp(6,37):
  	'초기화 중': 'overloaded-function'에서 'const unsigned char *'(으)로 변환할 수 없습니다.
  		C:\Users\USER\Documents\data-structure-lab-2026-4\lec04_class_example\lec04_class_example\main.cpp(6,37):
  		컨텍스트는 오버로드 함수의 명확성을 고려할 수 없습니다.
  C:\Program Files\Microsoft Visual Studio\2022\Community\VC\Tools\MSVC\14.38.33130\include\ostream(945,31):
  또는       'std::basic_ostream<char,_Traits> &std::operator <<(std::basic_ostream<char,_Traits> &,unsigned char)'
  	C:\Users\USER\Documents\data-structure-lab-2026-4\lec04_class_example\lec04_class_example\main.cpp(6,37):
  	'초기화 중': 'overloaded-function'에서 'unsigned char'(으)로 변환할 수 없습니다.
  		C:\Users\USER\Documents\data-structure-lab-2026-4\lec04_class_example\lec04_class_example\main.cpp(6,37):
  		컨텍스트는 오버로드 함수의 명확성을 고려할 수 없습니다.
  C:\Program Files\Microsoft Visual Studio\2022\Community\VC\Tools\MSVC\14.38.33130\include\ostream(1003,9):
  또는       '_Ostr &&std::operator <<(_Ostr &&,const _Ty &)'
  	C:\Users\USER\Documents\data-structure-lab-2026-4\lec04_class_example\lec04_class_example\main.cpp(6,12):
  	'_Ostr &&std::operator <<(_Ostr &&,const _Ty &)': '_Ty'의 템플릿 인수를 추론할 수 없습니다.
  C:\Program Files\Microsoft Visual Studio\2022\Community\VC\Tools\MSVC\14.38.33130\include\ostream(1080,32):
  또는       'std::basic_ostream<_Elem,_Traits> &std::operator <<(std::basic_ostream<_Elem,_Traits> &,const std::error_code &)'
  	C:\Users\USER\Documents\data-structure-lab-2026-4\lec04_class_example\lec04_class_example\main.cpp(6,37):
  	'초기화 중': 'overloaded-function'에서 'const std::error_code &'(으)로 변환할 수 없습니다.
  		C:\Users\USER\Documents\data-structure-lab-2026-4\lec04_class_example\lec04_class_example\main.cpp(6,37):
  		원인: 'overloaded-function'에서 'const std::error_code'(으)로 변환할 수 없습니다.
  		C:\Users\USER\Documents\data-structure-lab-2026-4\lec04_class_example\lec04_class_example\main.cpp(6,37):
  		'std::error_code::error_code': 모든 인수 형식을 변환할 수 있는 오버로드된 함수가 없습니다.
  			C:\Program Files\Microsoft Visual Studio\2022\Community\VC\Tools\MSVC\14.38.33130\include\system_error(260,1):
  			'std::error_code::error_code(std::error_code &&)'일 수 있습니다.
  				C:\Users\USER\Documents\data-structure-lab-2026-4\lec04_class_example\lec04_class_example\main.cpp(6,37):
  				'std::error_code::error_code(std::error_code &&)': 인수 1을(를) 'overloaded-function'에서 'std::error_code &&'(으)로 변환할 수 없습니다.
  					C:\Users\USER\Documents\data-structure-lab-2026-4\lec04_class_example\lec04_class_example\main.cpp(6,37):
  					원인: 'overloaded-function'에서 'std::error_code'(으)로 변환할 수 없습니다.
  					C:\Users\USER\Documents\data-structure-lab-2026-4\lec04_class_example\lec04_class_example\main.cpp(6,37):
  					변환하려면 둘째 사용자 정의 변환 연산자 또는 생성자가 있어야 합니다.
  			C:\Program Files\Microsoft Visual Studio\2022\Community\VC\Tools\MSVC\14.38.33130\include\system_error(260,1):
  			또는       'std::error_code::error_code(const std::error_code &)'
  				C:\Users\USER\Documents\data-structure-lab-2026-4\lec04_class_example\lec04_class_example\main.cpp(6,37):
  				'std::error_code::error_code(const std::error_code &)': 인수 1을(를) 'overloaded-function'에서 'const std::error_code &'(으)로 변환할 수 없습니다.
  					C:\Users\USER\Documents\data-structure-lab-2026-4\lec04_class_example\lec04_class_example\main.cpp(6,37):
  					원인: 'overloaded-function'에서 'const std::error_code'(으)로 변환할 수 없습니다.
  					C:\Users\USER\Documents\data-structure-lab-2026-4\lec04_class_example\lec04_class_example\main.cpp(6,37):
  					변환하려면 둘째 사용자 정의 변환 연산자 또는 생성자가 있어야 합니다.
  			C:\Program Files\Microsoft Visual Studio\2022\Community\VC\Tools\MSVC\14.38.33130\include\system_error(173,5):
  			또는       'std::error_code::error_code(int,const std::error_category &) noexcept'
  				C:\Users\USER\Documents\data-structure-lab-2026-4\lec04_class_example\lec04_class_example\main.cpp(6,37):
  				'std::error_code::error_code': 함수는 1개의 인수를 사용하지 않습니다.
  			C:\Program Files\Microsoft Visual Studio\2022\Community\VC\Tools\MSVC\14.38.33130\include\system_error(171,5):
  			또는       'std::error_code::error_code(void) noexcept'
  				C:\Users\USER\Documents\data-structure-lab-2026-4\lec04_class_example\lec04_class_example\main.cpp(6,37):
  				'std::error_code::error_code': 함수는 1개의 인수를 사용하지 않습니다.
  			C:\Program Files\Microsoft Visual Studio\2022\Community\VC\Tools\MSVC\14.38.33130\include\system_error(176,5):
  			또는       'std::error_code::error_code(_Enum) noexcept'
  			C:\Users\USER\Documents\data-structure-lab-2026-4\lec04_class_example\lec04_class_example\main.cpp(6,37):
  			인수 목록 '(overloaded-function)'을(를) 일치시키는 동안
  C:\Users\USER\Documents\data-structure-lab-2026-4\lec04_class_example\lec04_class_example\main.cpp(6,12):
  인수 목록 '(std::basic_ostream<char,std::char_traits<char>>, overloaded-function)'을(를) 일치시키는 동안
  
C:\Users\USER\Documents\data-structure-lab-2026-4\lec04_class_example\lec04_class_example\main.cpp(6,42): error C2059: 구문 오류: ';'
